Build started 11/1/2013 11:07:42 AM.
     1>Project "F:\CS 142 me\Lab 7 TRIAL\Lab 7 TRIAL\Lab 7 TRIAL.vcxproj" on node 2 (build target(s)).
     1>InitializeBuildStatus:
         Creating "Debug\Lab 7 TRIAL.unsuccessfulbuild" because "AlwaysCreate" was specified.
       ClCompile:
         c:\Program Files (x86)\Microsoft Visual Studio 10.0\VC\bin\CL.exe /c /ZI /nologo /W3 /WX- /Od /Oy- /D _MBCS /Gm /EHsc /RTC1 /MDd /GS /fp:precise /Zc:wchar_t /Zc:forScope /Fo"Debug\\" /Fd"Debug\vc100.pdb" /Gd /TP /analyze- /errorReport:prompt TRIAL.cpp
         TRIAL.cpp
     1>f:\cs 142 me\lab 7 trial\lab 7 trial\trial.cpp(100): warning C4244: 'argument' : conversion from 'time_t' to 'unsigned int', possible loss of data
     1>f:\cs 142 me\lab 7 trial\lab 7 trial\trial.cpp(71): warning C4715: 'deleter' : not all control paths return a value
       Link:
         c:\Program Files (x86)\Microsoft Visual Studio 10.0\VC\bin\link.exe /ERRORREPORT:PROMPT /OUT:"F:\CS 142 me\Lab 7 TRIAL\Debug\Lab 7 TRIAL.exe" /NOLOGO kernel32.lib user32.lib gdi32.lib winspool.lib comdlg32.lib advapi32.lib shell32.lib ole32.lib oleaut32.lib uuid.lib odbc32.lib odbccp32.lib /MANIFEST /ManifestFile:"Debug\Lab 7 TRIAL.exe.intermediate.manifest" /MANIFESTUAC:"level='asInvoker' uiAccess='false'" /DEBUG /PDB:"F:\CS 142 me\Lab 7 TRIAL\Debug\Lab 7 TRIAL.pdb" /TLBID:1 /DYNAMICBASE /NXCOMPAT /IMPLIB:"F:\CS 142 me\Lab 7 TRIAL\Debug\Lab 7 TRIAL.lib" /MACHINE:X86 Debug\TRIAL.obj
         LINK : F:\CS 142 me\Lab 7 TRIAL\Debug\Lab 7 TRIAL.exe not found or not built by the last incremental link; performing full link
         Lab 7 TRIAL.vcxproj -> F:\CS 142 me\Lab 7 TRIAL\Debug\Lab 7 TRIAL.exe
       Manifest:
         C:\Program Files (x86)\Microsoft SDKs\Windows\v7.0A\bin\mt.exe /nologo /verbose /outputresource:"F:\CS 142 me\Lab 7 TRIAL\Debug\Lab 7 TRIAL.exe;#1" /manifest "Debug\Lab 7 TRIAL.exe.intermediate.manifest"
       FinalizeBuildStatus:
         Deleting file "Debug\Lab 7 TRIAL.unsuccessfulbuild".
         Touching "Debug\Lab 7 TRIAL.lastbuildstate".
     1>Done Building Project "F:\CS 142 me\Lab 7 TRIAL\Lab 7 TRIAL\Lab 7 TRIAL.vcxproj" (build target(s)).

Build succeeded.

Time Elapsed 00:00:04.14
