Build started 10/17/2013 1:31:23 PM.
     1>Project "F:\CS 142 me\anotherfunmess\anotherfunmess\anotherfunmess.vcxproj" on node 2 (build target(s)).
     1>InitializeBuildStatus:
         Creating "Debug\anotherfunmess.unsuccessfulbuild" because "AlwaysCreate" was specified.
       ClCompile:
         c:\Program Files (x86)\Microsoft Visual Studio 10.0\VC\bin\CL.exe /c /ZI /nologo /W3 /WX- /Od /Oy- /D _MBCS /Gm /EHsc /RTC1 /MDd /GS /fp:precise /Zc:wchar_t /Zc:forScope /Fo"Debug\\" /Fd"Debug\vc100.pdb" /Gd /TP /analyze- /errorReport:prompt funness.cpp
         funness.cpp
     1>f:\cs 142 me\anotherfunmess\anotherfunmess\funness.cpp(67): warning C4244: 'argument' : conversion from 'time_t' to 'unsigned int', possible loss of data
     1>f:\cs 142 me\anotherfunmess\anotherfunmess\funness.cpp(95): warning C4101: 'points' : unreferenced local variable
       Link:
         c:\Program Files (x86)\Microsoft Visual Studio 10.0\VC\bin\link.exe /ERRORREPORT:PROMPT /OUT:"F:\CS 142 me\anotherfunmess\Debug\anotherfunmess.exe" /NOLOGO kernel32.lib user32.lib gdi32.lib winspool.lib comdlg32.lib advapi32.lib shell32.lib ole32.lib oleaut32.lib uuid.lib odbc32.lib odbccp32.lib /MANIFEST /ManifestFile:"Debug\anotherfunmess.exe.intermediate.manifest" /MANIFESTUAC:"level='asInvoker' uiAccess='false'" /DEBUG /PDB:"F:\CS 142 me\anotherfunmess\Debug\anotherfunmess.pdb" /TLBID:1 /DYNAMICBASE /NXCOMPAT /IMPLIB:"F:\CS 142 me\anotherfunmess\Debug\anotherfunmess.lib" /MACHINE:X86 Debug\funness.obj
         LINK : F:\CS 142 me\anotherfunmess\Debug\anotherfunmess.exe not found or not built by the last incremental link; performing full link
         anotherfunmess.vcxproj -> F:\CS 142 me\anotherfunmess\Debug\anotherfunmess.exe
       Manifest:
         C:\Program Files (x86)\Microsoft SDKs\Windows\v7.0A\bin\mt.exe /nologo /verbose /outputresource:"F:\CS 142 me\anotherfunmess\Debug\anotherfunmess.exe;#1" /manifest Debug\anotherfunmess.exe.intermediate.manifest
       FinalizeBuildStatus:
         Deleting file "Debug\anotherfunmess.unsuccessfulbuild".
         Touching "Debug\anotherfunmess.lastbuildstate".
     1>Done Building Project "F:\CS 142 me\anotherfunmess\anotherfunmess\anotherfunmess.vcxproj" (build target(s)).

Build succeeded.

Time Elapsed 00:00:09.97
