Build started 10/17/2013 6:31:59 PM.
     1>Project "F:\CS 142 me\andmorefun\andmorefun\andmorefun.vcxproj" on node 2 (build target(s)).
     1>InitializeBuildStatus:
         Creating "Debug\andmorefun.unsuccessfulbuild" because "AlwaysCreate" was specified.
       ClCompile:
         c:\Program Files (x86)\Microsoft Visual Studio 10.0\VC\bin\CL.exe /c /ZI /nologo /W3 /WX- /Od /Oy- /D _MBCS /Gm /EHsc /RTC1 /MDd /GS /fp:precise /Zc:wchar_t /Zc:forScope /Fo"Debug\\" /Fd"Debug\vc100.pdb" /Gd /TP /analyze- /errorReport:prompt anothertry.cpp
         anothertry.cpp
     1>f:\cs 142 me\andmorefun\andmorefun\anothertry.cpp(68): warning C4244: '=' : conversion from 'double' to 'int', possible loss of data
     1>f:\cs 142 me\andmorefun\andmorefun\anothertry.cpp(94): warning C4244: 'argument' : conversion from 'time_t' to 'unsigned int', possible loss of data
     1>f:\cs 142 me\andmorefun\andmorefun\anothertry.cpp(132): warning C4244: 'argument' : conversion from 'double' to 'int', possible loss of data
     1>f:\cs 142 me\andmorefun\andmorefun\anothertry.cpp(137): warning C4101: 'points' : unreferenced local variable
       Link:
         c:\Program Files (x86)\Microsoft Visual Studio 10.0\VC\bin\link.exe /ERRORREPORT:PROMPT /OUT:"F:\CS 142 me\andmorefun\Debug\andmorefun.exe" /NOLOGO kernel32.lib user32.lib gdi32.lib winspool.lib comdlg32.lib advapi32.lib shell32.lib ole32.lib oleaut32.lib uuid.lib odbc32.lib odbccp32.lib /MANIFEST /ManifestFile:"Debug\andmorefun.exe.intermediate.manifest" /MANIFESTUAC:"level='asInvoker' uiAccess='false'" /DEBUG /PDB:"F:\CS 142 me\andmorefun\Debug\andmorefun.pdb" /TLBID:1 /DYNAMICBASE /NXCOMPAT /IMPLIB:"F:\CS 142 me\andmorefun\Debug\andmorefun.lib" /MACHINE:X86 Debug\anothertry.obj
         LINK : F:\CS 142 me\andmorefun\Debug\andmorefun.exe not found or not built by the last incremental link; performing full link
         andmorefun.vcxproj -> F:\CS 142 me\andmorefun\Debug\andmorefun.exe
       Manifest:
         C:\Program Files (x86)\Microsoft SDKs\Windows\v7.0A\bin\mt.exe /nologo /verbose /outputresource:"F:\CS 142 me\andmorefun\Debug\andmorefun.exe;#1" /manifest Debug\andmorefun.exe.intermediate.manifest
       FinalizeBuildStatus:
         Deleting file "Debug\andmorefun.unsuccessfulbuild".
         Touching "Debug\andmorefun.lastbuildstate".
     1>Done Building Project "F:\CS 142 me\andmorefun\andmorefun\andmorefun.vcxproj" (build target(s)).

Build succeeded.

Time Elapsed 00:00:04.27
