Build started 9/18/2013 3:27:29 PM.
     1>Project "F:\CS 142 me\pizza\pizza\pizza.vcxproj" on node 2 (build target(s)).
     1>InitializeBuildStatus:
         Creating "Debug\pizza.unsuccessfulbuild" because "AlwaysCreate" was specified.
       ClCompile:
         c:\Program Files (x86)\Microsoft Visual Studio 10.0\VC\bin\CL.exe /c /ZI /nologo /W3 /WX- /Od /Oy- /D _MBCS /Gm /EHsc /RTC1 /MDd /GS /fp:precise /Zc:wchar_t /Zc:forScope /Fo"Debug\\" /Fd"Debug\vc100.pdb" /Gd /TP /analyze- /errorReport:prompt pizza.cpp
         pizza.cpp
     1>f:\cs 142 me\pizza\pizza\pizza.cpp(89): warning C4244: '=' : conversion from 'double' to 'int', possible loss of data
       Link:
         c:\Program Files (x86)\Microsoft Visual Studio 10.0\VC\bin\link.exe /ERRORREPORT:PROMPT /OUT:"F:\CS 142 me\pizza\Debug\pizza.exe" /NOLOGO kernel32.lib user32.lib gdi32.lib winspool.lib comdlg32.lib advapi32.lib shell32.lib ole32.lib oleaut32.lib uuid.lib odbc32.lib odbccp32.lib /MANIFEST /ManifestFile:"Debug\pizza.exe.intermediate.manifest" /MANIFESTUAC:"level='asInvoker' uiAccess='false'" /DEBUG /PDB:"F:\CS 142 me\pizza\Debug\pizza.pdb" /TLBID:1 /DYNAMICBASE /NXCOMPAT /IMPLIB:"F:\CS 142 me\pizza\Debug\pizza.lib" /MACHINE:X86 Debug\pizza.obj
         LINK : F:\CS 142 me\pizza\Debug\pizza.exe not found or not built by the last incremental link; performing full link
         pizza.vcxproj -> F:\CS 142 me\pizza\Debug\pizza.exe
       Manifest:
         C:\Program Files (x86)\Microsoft SDKs\Windows\v7.0A\bin\mt.exe /nologo /verbose /outputresource:"F:\CS 142 me\pizza\Debug\pizza.exe;#1" /manifest Debug\pizza.exe.intermediate.manifest
       FinalizeBuildStatus:
         Deleting file "Debug\pizza.unsuccessfulbuild".
         Touching "Debug\pizza.lastbuildstate".
     1>Done Building Project "F:\CS 142 me\pizza\pizza\pizza.vcxproj" (build target(s)).

Build succeeded.

Time Elapsed 00:00:09.51
