Build started 11/11/2013 6:10:02 PM.
     1>Project "F:\CS 142 me\Midterm 2\Midterm 2\Midterm 2.vcxproj" on node 2 (build target(s)).
     1>InitializeBuildStatus:
         Creating "Debug\Midterm 2.unsuccessfulbuild" because "AlwaysCreate" was specified.
       ClCompile:
         c:\Program Files (x86)\Microsoft Visual Studio 10.0\VC\bin\CL.exe /c /ZI /nologo /W3 /WX- /Od /Oy- /D _MBCS /Gm /EHsc /RTC1 /MDd /GS /fp:precise /Zc:wchar_t /Zc:forScope /Fo"Debug\\" /Fd"Debug\vc100.pdb" /Gd /TP /analyze- /errorReport:prompt cipher.cpp
         cipher.cpp
     1>f:\cs 142 me\midterm 2\midterm 2\cipher.cpp(171): warning C4018: '<' : signed/unsigned mismatch
     1>f:\cs 142 me\midterm 2\midterm 2\cipher.cpp(182): warning C4018: '<' : signed/unsigned mismatch
     1>f:\cs 142 me\midterm 2\midterm 2\cipher.cpp(195): warning C4018: '<' : signed/unsigned mismatch
     1>f:\cs 142 me\midterm 2\midterm 2\cipher.cpp(208): warning C4018: '<' : signed/unsigned mismatch
     1>f:\cs 142 me\midterm 2\midterm 2\cipher.cpp(219): warning C4018: '<' : signed/unsigned mismatch
     1>f:\cs 142 me\midterm 2\midterm 2\cipher.cpp(233): warning C4018: '<' : signed/unsigned mismatch
     1>f:\cs 142 me\midterm 2\midterm 2\cipher.cpp(245): warning C4018: '<' : signed/unsigned mismatch
     1>f:\cs 142 me\midterm 2\midterm 2\cipher.cpp(249): warning C4018: '<' : signed/unsigned mismatch
     1>f:\cs 142 me\midterm 2\midterm 2\cipher.cpp(259): warning C4018: '<' : signed/unsigned mismatch
     1>f:\cs 142 me\midterm 2\midterm 2\cipher.cpp(274): warning C4018: '<' : signed/unsigned mismatch
     1>f:\cs 142 me\midterm 2\midterm 2\cipher.cpp(278): warning C4018: '<' : signed/unsigned mismatch
     1>f:\cs 142 me\midterm 2\midterm 2\cipher.cpp(290): warning C4018: '<' : signed/unsigned mismatch
     1>f:\cs 142 me\midterm 2\midterm 2\cipher.cpp(294): warning C4018: '<' : signed/unsigned mismatch
     1>f:\cs 142 me\midterm 2\midterm 2\cipher.cpp(304): warning C4018: '<' : signed/unsigned mismatch
     1>f:\cs 142 me\midterm 2\midterm 2\cipher.cpp(319): warning C4018: '<' : signed/unsigned mismatch
     1>f:\cs 142 me\midterm 2\midterm 2\cipher.cpp(323): warning C4018: '<' : signed/unsigned mismatch
     1>f:\cs 142 me\midterm 2\midterm 2\cipher.cpp(338): warning C4018: '<' : signed/unsigned mismatch
     1>f:\cs 142 me\midterm 2\midterm 2\cipher.cpp(358): warning C4018: '<' : signed/unsigned mismatch
     1>f:\cs 142 me\midterm 2\midterm 2\cipher.cpp(383): warning C4018: '<' : signed/unsigned mismatch
     1>f:\cs 142 me\midterm 2\midterm 2\cipher.cpp(388): warning C4018: '<' : signed/unsigned mismatch
     1>f:\cs 142 me\midterm 2\midterm 2\cipher.cpp(393): warning C4018: '<' : signed/unsigned mismatch
     1>f:\cs 142 me\midterm 2\midterm 2\cipher.cpp(398): warning C4018: '<' : signed/unsigned mismatch
     1>f:\cs 142 me\midterm 2\midterm 2\cipher.cpp(407): warning C4018: '<' : signed/unsigned mismatch
     1>f:\cs 142 me\midterm 2\midterm 2\cipher.cpp(412): warning C4018: '<' : signed/unsigned mismatch
     1>f:\cs 142 me\midterm 2\midterm 2\cipher.cpp(417): warning C4018: '<' : signed/unsigned mismatch
     1>f:\cs 142 me\midterm 2\midterm 2\cipher.cpp(422): warning C4018: '<' : signed/unsigned mismatch
     1>f:\cs 142 me\midterm 2\midterm 2\cipher.cpp(431): warning C4018: '<' : signed/unsigned mismatch
     1>f:\cs 142 me\midterm 2\midterm 2\cipher.cpp(435): warning C4018: '<' : signed/unsigned mismatch
     1>f:\cs 142 me\midterm 2\midterm 2\cipher.cpp(439): warning C4018: '<' : signed/unsigned mismatch
     1>f:\cs 142 me\midterm 2\midterm 2\cipher.cpp(443): warning C4018: '<' : signed/unsigned mismatch
     1>f:\cs 142 me\midterm 2\midterm 2\cipher.cpp(453): warning C4018: '<' : signed/unsigned mismatch
     1>f:\cs 142 me\midterm 2\midterm 2\cipher.cpp(457): warning C4018: '<' : signed/unsigned mismatch
     1>f:\cs 142 me\midterm 2\midterm 2\cipher.cpp(461): warning C4018: '<' : signed/unsigned mismatch
     1>f:\cs 142 me\midterm 2\midterm 2\cipher.cpp(465): warning C4018: '<' : signed/unsigned mismatch
     1>f:\cs 142 me\midterm 2\midterm 2\cipher.cpp(517): warning C4018: '<' : signed/unsigned mismatch
     1>f:\cs 142 me\midterm 2\midterm 2\cipher.cpp(522): warning C4018: '<' : signed/unsigned mismatch
     1>f:\cs 142 me\midterm 2\midterm 2\cipher.cpp(544): warning C4018: '<' : signed/unsigned mismatch
     1>f:\cs 142 me\midterm 2\midterm 2\cipher.cpp(559): warning C4018: '<' : signed/unsigned mismatch
     1>f:\cs 142 me\midterm 2\midterm 2\cipher.cpp(579): warning C4018: '<' : signed/unsigned mismatch
     1>f:\cs 142 me\midterm 2\midterm 2\cipher.cpp(596): warning C4018: '<' : signed/unsigned mismatch
     1>f:\cs 142 me\midterm 2\midterm 2\cipher.cpp(623): warning C4018: '<' : signed/unsigned mismatch
     1>f:\cs 142 me\midterm 2\midterm 2\cipher.cpp(629): warning C4018: '<' : signed/unsigned mismatch
     1>f:\cs 142 me\midterm 2\midterm 2\cipher.cpp(656): warning C4018: '<' : signed/unsigned mismatch
     1>f:\cs 142 me\midterm 2\midterm 2\cipher.cpp(662): warning C4018: '<' : signed/unsigned mismatch
     1>f:\cs 142 me\midterm 2\midterm 2\cipher.cpp(684): warning C4018: '<' : signed/unsigned mismatch
     1>f:\cs 142 me\midterm 2\midterm 2\cipher.cpp(697): warning C4018: '<' : signed/unsigned mismatch
     1>f:\cs 142 me\midterm 2\midterm 2\cipher.cpp(710): warning C4018: '<' : signed/unsigned mismatch
     1>f:\cs 142 me\midterm 2\midterm 2\cipher.cpp(723): warning C4018: '<' : signed/unsigned mismatch
     1>f:\cs 142 me\midterm 2\midterm 2\cipher.cpp(742): warning C4018: '<' : signed/unsigned mismatch
       Link:
         c:\Program Files (x86)\Microsoft Visual Studio 10.0\VC\bin\link.exe /ERRORREPORT:PROMPT /OUT:"F:\CS 142 me\Midterm 2\Debug\Midterm 2.exe" /NOLOGO kernel32.lib user32.lib gdi32.lib winspool.lib comdlg32.lib advapi32.lib shell32.lib ole32.lib oleaut32.lib uuid.lib odbc32.lib odbccp32.lib /MANIFEST /ManifestFile:"Debug\Midterm 2.exe.intermediate.manifest" /MANIFESTUAC:"level='asInvoker' uiAccess='false'" /DEBUG /PDB:"F:\CS 142 me\Midterm 2\Debug\Midterm 2.pdb" /TLBID:1 /DYNAMICBASE /NXCOMPAT /IMPLIB:"F:\CS 142 me\Midterm 2\Debug\Midterm 2.lib" /MACHINE:X86 Debug\cipher.obj
         LINK : F:\CS 142 me\Midterm 2\Debug\Midterm 2.exe not found or not built by the last incremental link; performing full link
         Midterm 2.vcxproj -> F:\CS 142 me\Midterm 2\Debug\Midterm 2.exe
       Manifest:
         C:\Program Files (x86)\Microsoft SDKs\Windows\v7.0A\bin\mt.exe /nologo /verbose /outputresource:"F:\CS 142 me\Midterm 2\Debug\Midterm 2.exe;#1" /manifest "Debug\Midterm 2.exe.intermediate.manifest"
       FinalizeBuildStatus:
         Deleting file "Debug\Midterm 2.unsuccessfulbuild".
         Touching "Debug\Midterm 2.lastbuildstate".
     1>Done Building Project "F:\CS 142 me\Midterm 2\Midterm 2\Midterm 2.vcxproj" (build target(s)).

Build succeeded.

Time Elapsed 00:00:05.81
