Build started 10/31/2013 8:02:32 PM.
     1>Project "F:\CS 142 me\Problemsolving\Problemsolving\Problemsolving.vcxproj" on node 2 (build target(s)).
     1>InitializeBuildStatus:
         Creating "Debug\Problemsolving.unsuccessfulbuild" because "AlwaysCreate" was specified.
       ClCompile:
         c:\Program Files (x86)\Microsoft Visual Studio 10.0\VC\bin\CL.exe /c /ZI /nologo /W3 /WX- /Od /Oy- /D _MBCS /Gm /EHsc /RTC1 /MDd /GS /fp:precise /Zc:wchar_t /Zc:forScope /Fo"Debug\\" /Fd"Debug\vc100.pdb" /Gd /TP /analyze- /errorReport:prompt name.cpp
         name.cpp
     1>f:\cs 142 me\problemsolving\problemsolving\name.cpp(100): warning C4244: 'argument' : conversion from 'time_t' to 'unsigned int', possible loss of data
     1>f:\cs 142 me\problemsolving\problemsolving\name.cpp(71): warning C4715: 'deleter' : not all control paths return a value
       Link:
         c:\Program Files (x86)\Microsoft Visual Studio 10.0\VC\bin\link.exe /ERRORREPORT:PROMPT /OUT:"F:\CS 142 me\Problemsolving\Debug\Problemsolving.exe" /NOLOGO kernel32.lib user32.lib gdi32.lib winspool.lib comdlg32.lib advapi32.lib shell32.lib ole32.lib oleaut32.lib uuid.lib odbc32.lib odbccp32.lib /MANIFEST /ManifestFile:"Debug\Problemsolving.exe.intermediate.manifest" /MANIFESTUAC:"level='asInvoker' uiAccess='false'" /DEBUG /PDB:"F:\CS 142 me\Problemsolving\Debug\Problemsolving.pdb" /TLBID:1 /DYNAMICBASE /NXCOMPAT /IMPLIB:"F:\CS 142 me\Problemsolving\Debug\Problemsolving.lib" /MACHINE:X86 Debug\name.obj
         LINK : F:\CS 142 me\Problemsolving\Debug\Problemsolving.exe not found or not built by the last incremental link; performing full link
         Problemsolving.vcxproj -> F:\CS 142 me\Problemsolving\Debug\Problemsolving.exe
       Manifest:
         C:\Program Files (x86)\Microsoft SDKs\Windows\v7.0A\bin\mt.exe /nologo /verbose /outputresource:"F:\CS 142 me\Problemsolving\Debug\Problemsolving.exe;#1" /manifest Debug\Problemsolving.exe.intermediate.manifest
       FinalizeBuildStatus:
         Deleting file "Debug\Problemsolving.unsuccessfulbuild".
         Touching "Debug\Problemsolving.lastbuildstate".
     1>Done Building Project "F:\CS 142 me\Problemsolving\Problemsolving\Problemsolving.vcxproj" (build target(s)).

Build succeeded.

Time Elapsed 00:00:05.36
