Build started 10/17/2013 8:12:21 PM.
     1>Project "F:\CS 142 me\plinko_fourth_option\plinko_fourth_option\plinko_fourth_option.vcxproj" on node 2 (build target(s)).
     1>InitializeBuildStatus:
         Creating "Debug\plinko_fourth_option.unsuccessfulbuild" because "AlwaysCreate" was specified.
       ClCompile:
         c:\Program Files (x86)\Microsoft Visual Studio 10.0\VC\bin\CL.exe /c /ZI /nologo /W3 /WX- /Od /Oy- /D _MBCS /Gm /EHsc /RTC1 /MDd /GS /fp:precise /Zc:wchar_t /Zc:forScope /Fo"Debug\\" /Fd"Debug\vc100.pdb" /Gd /TP /analyze- /errorReport:prompt cheating.cpp
         cheating.cpp
     1>f:\cs 142 me\plinko_fourth_option\plinko_fourth_option\cheating.cpp(153): warning C4244: 'argument' : conversion from 'time_t' to 'unsigned int', possible loss of data
     1>f:\cs 142 me\plinko_fourth_option\plinko_fourth_option\cheating.cpp(193): warning C4101: 'avg_points' : unreferenced local variable
     1>f:\cs 142 me\plinko_fourth_option\plinko_fourth_option\cheating.cpp(195): warning C4101: 'points' : unreferenced local variable
       Link:
         c:\Program Files (x86)\Microsoft Visual Studio 10.0\VC\bin\link.exe /ERRORREPORT:PROMPT /OUT:"F:\CS 142 me\plinko_fourth_option\Debug\plinko_fourth_option.exe" /NOLOGO kernel32.lib user32.lib gdi32.lib winspool.lib comdlg32.lib advapi32.lib shell32.lib ole32.lib oleaut32.lib uuid.lib odbc32.lib odbccp32.lib /MANIFEST /ManifestFile:"Debug\plinko_fourth_option.exe.intermediate.manifest" /MANIFESTUAC:"level='asInvoker' uiAccess='false'" /DEBUG /PDB:"F:\CS 142 me\plinko_fourth_option\Debug\plinko_fourth_option.pdb" /TLBID:1 /DYNAMICBASE /NXCOMPAT /IMPLIB:"F:\CS 142 me\plinko_fourth_option\Debug\plinko_fourth_option.lib" /MACHINE:X86 Debug\cheating.obj
         LINK : F:\CS 142 me\plinko_fourth_option\Debug\plinko_fourth_option.exe not found or not built by the last incremental link; performing full link
         plinko_fourth_option.vcxproj -> F:\CS 142 me\plinko_fourth_option\Debug\plinko_fourth_option.exe
       Manifest:
         C:\Program Files (x86)\Microsoft SDKs\Windows\v7.0A\bin\mt.exe /nologo /verbose /outputresource:"F:\CS 142 me\plinko_fourth_option\Debug\plinko_fourth_option.exe;#1" /manifest Debug\plinko_fourth_option.exe.intermediate.manifest
       FinalizeBuildStatus:
         Deleting file "Debug\plinko_fourth_option.unsuccessfulbuild".
         Touching "Debug\plinko_fourth_option.lastbuildstate".
     1>Done Building Project "F:\CS 142 me\plinko_fourth_option\plinko_fourth_option\plinko_fourth_option.vcxproj" (build target(s)).

Build succeeded.

Time Elapsed 00:00:04.09
