Build started 11/16/2013 12:14:26 PM.
     1>Project "F:\CS 142 me\lab 8\lab 8\lab 8.vcxproj" on node 2 (build target(s)).
     1>InitializeBuildStatus:
         Creating "Debug\lab 8.unsuccessfulbuild" because "AlwaysCreate" was specified.
       ClCompile:
         c:\Program Files (x86)\Microsoft Visual Studio 10.0\VC\bin\CL.exe /c /ZI /nologo /W3 /WX- /Od /Oy- /D _MBCS /Gm /EHsc /RTC1 /MDd /GS /fp:precise /Zc:wchar_t /Zc:forScope /Fo"Debug\\" /Fd"Debug\vc100.pdb" /Gd /TP /analyze- /errorReport:prompt Inventory.cpp
         Inventory.cpp
     1>f:\cs 142 me\lab 8\lab 8\inventory.cpp(57): warning C4018: '<' : signed/unsigned mismatch
     1>f:\cs 142 me\lab 8\lab 8\inventory.cpp(100): warning C4018: '<' : signed/unsigned mismatch
     1>f:\cs 142 me\lab 8\lab 8\inventory.cpp(157): warning C4244: 'argument' : conversion from 'double' to 'unsigned int', possible loss of data
     1>f:\cs 142 me\lab 8\lab 8\inventory.cpp(159): warning C4244: 'argument' : conversion from 'double' to 'int', possible loss of data
     1>f:\cs 142 me\lab 8\lab 8\inventory.cpp(177): warning C4244: 'argument' : conversion from 'double' to 'unsigned int', possible loss of data
     1>f:\cs 142 me\lab 8\lab 8\inventory.cpp(219): warning C4018: '<' : signed/unsigned mismatch
     1>f:\cs 142 me\lab 8\lab 8\inventory.cpp(70): warning C4715: 'search_Inventory' : not all control paths return a value
       Link:
         c:\Program Files (x86)\Microsoft Visual Studio 10.0\VC\bin\link.exe /ERRORREPORT:PROMPT /OUT:"F:\CS 142 me\lab 8\Debug\lab 8.exe" /NOLOGO kernel32.lib user32.lib gdi32.lib winspool.lib comdlg32.lib advapi32.lib shell32.lib ole32.lib oleaut32.lib uuid.lib odbc32.lib odbccp32.lib /MANIFEST /ManifestFile:"Debug\lab 8.exe.intermediate.manifest" /MANIFESTUAC:"level='asInvoker' uiAccess='false'" /DEBUG /PDB:"F:\CS 142 me\lab 8\Debug\lab 8.pdb" /TLBID:1 /DYNAMICBASE /NXCOMPAT /IMPLIB:"F:\CS 142 me\lab 8\Debug\lab 8.lib" /MACHINE:X86 Debug\Car.obj
         Debug\Inventory.obj
         LINK : F:\CS 142 me\lab 8\Debug\lab 8.exe not found or not built by the last incremental link; performing full link
         lab 8.vcxproj -> F:\CS 142 me\lab 8\Debug\lab 8.exe
       Manifest:
         C:\Program Files (x86)\Microsoft SDKs\Windows\v7.0A\bin\mt.exe /nologo /verbose /outputresource:"F:\CS 142 me\lab 8\Debug\lab 8.exe;#1" /manifest "Debug\lab 8.exe.intermediate.manifest"
       FinalizeBuildStatus:
         Deleting file "Debug\lab 8.unsuccessfulbuild".
         Touching "Debug\lab 8.lastbuildstate".
     1>Done Building Project "F:\CS 142 me\lab 8\lab 8\lab 8.vcxproj" (build target(s)).

Build succeeded.

Time Elapsed 00:00:04.57
