Build started 11/25/2013 2:02:43 PM.
     1>Project "F:\CS 142 me\Lab 9.new\Lab 9.new\Lab 9.new.vcxproj" on node 2 (build target(s)).
     1>InitializeBuildStatus:
         Creating "Debug\Lab 9.new.unsuccessfulbuild" because "AlwaysCreate" was specified.
       ClCompile:
         c:\Program Files (x86)\Microsoft Visual Studio 10.0\VC\bin\CL.exe /c /ZI /nologo /W3 /WX- /Od /Oy- /D _MBCS /Gm /EHsc /RTC1 /MDd /GS /fp:precise /Zc:wchar_t /Zc:forScope /Fo"Debug\\" /Fd"Debug\vc100.pdb" /Gd /TP /analyze- /errorReport:prompt Main.cpp Player.cpp
         Player.cpp
         Main.cpp
     1>f:\cs 142 me\lab 9.new\lab 9.new\main.cpp(34): warning C4018: '<' : signed/unsigned mismatch
     1>f:\cs 142 me\lab 9.new\lab 9.new\main.cpp(55): warning C4018: '<' : signed/unsigned mismatch
     1>f:\cs 142 me\lab 9.new\lab 9.new\main.cpp(63): warning C4018: '<' : signed/unsigned mismatch
     1>f:\cs 142 me\lab 9.new\lab 9.new\main.cpp(80): warning C4018: '<' : signed/unsigned mismatch
     1>f:\cs 142 me\lab 9.new\lab 9.new\main.cpp(144): warning C4244: 'argument' : conversion from 'time_t' to 'unsigned int', possible loss of data
         Generating Code...
       Link:
         c:\Program Files (x86)\Microsoft Visual Studio 10.0\VC\bin\link.exe /ERRORREPORT:PROMPT /OUT:"F:\CS 142 me\Lab 9.new\Debug\Lab 9.new.exe" /NOLOGO kernel32.lib user32.lib gdi32.lib winspool.lib comdlg32.lib advapi32.lib shell32.lib ole32.lib oleaut32.lib uuid.lib odbc32.lib odbccp32.lib /MANIFEST /ManifestFile:"Debug\Lab 9.new.exe.intermediate.manifest" /MANIFESTUAC:"level='asInvoker' uiAccess='false'" /DEBUG /PDB:"F:\CS 142 me\Lab 9.new\Debug\Lab 9.new.pdb" /TLBID:1 /DYNAMICBASE /NXCOMPAT /IMPLIB:"F:\CS 142 me\Lab 9.new\Debug\Lab 9.new.lib" /MACHINE:X86 Debug\Main.obj
         Debug\Player.obj
         LINK : F:\CS 142 me\Lab 9.new\Debug\Lab 9.new.exe not found or not built by the last incremental link; performing full link
         Lab 9.new.vcxproj -> F:\CS 142 me\Lab 9.new\Debug\Lab 9.new.exe
       Manifest:
         C:\Program Files (x86)\Microsoft SDKs\Windows\v7.0A\bin\mt.exe /nologo /verbose /outputresource:"F:\CS 142 me\Lab 9.new\Debug\Lab 9.new.exe;#1" /manifest "Debug\Lab 9.new.exe.intermediate.manifest"
       FinalizeBuildStatus:
         Deleting file "Debug\Lab 9.new.unsuccessfulbuild".
         Touching "Debug\Lab 9.new.lastbuildstate".
     1>Done Building Project "F:\CS 142 me\Lab 9.new\Lab 9.new\Lab 9.new.vcxproj" (build target(s)).

Build succeeded.

Time Elapsed 00:00:07.35
